{"C:\\y\\projects\\npm\\restify-curd\\coffee\\index.coffee":{"path":"C:\\y\\projects\\npm\\restify-curd\\coffee\\index.coffee","s":{"1":1,"2":1,"3":1,"4":1,"5":1,"6":1,"7":1,"8":1,"9":1,"10":1,"11":3,"12":3,"13":3,"14":3,"15":3,"16":3,"17":3,"18":6,"19":3,"20":3,"21":3,"22":3,"23":6,"24":6,"25":6,"26":6,"27":3,"28":3,"29":21,"30":3,"31":3,"32":3,"33":3,"34":3,"35":3,"36":3,"37":3,"38":3,"39":1,"40":2,"41":2,"42":2,"43":0,"44":2,"45":2,"46":1,"47":1},"b":{"1":[3,3],"2":[1,2],"3":[2,0],"4":[0,2]},"f":{"1":1,"2":3},"fnMap":{"1":{"name":"module","line":4,"loc":{"start":{"line":4,"column":0},"end":{"line":4,"column":43}}},"2":{"name":"addRoute","line":13,"loc":{"start":{"line":13,"column":4},"end":{"line":13,"column":31}}}},"statementMap":{"1":{"start":{"line":1,"column":0},"end":{"line":1,"column":28}},"2":{"start":{"line":2,"column":0},"end":{"line":2,"column":22}},"3":{"start":{"line":4,"column":0},"end":{"line":48,"column":5}},"4":{"start":{"line":5,"column":4},"end":{"line":5,"column":35}},"5":{"start":{"line":6,"column":4},"end":{"line":6,"column":33}},"6":{"start":{"line":7,"column":4},"end":{"line":7,"column":63}},"7":{"start":{"line":8,"column":4},"end":{"line":11,"column":3}},"8":{"start":{"line":11,"column":4},"end":{"line":11,"column":31}},"9":{"start":{"line":11,"column":4},"end":{"line":11,"column":12}},"10":{"start":{"line":13,"column":4},"end":{"line":44,"column":3}},"11":{"start":{"line":14,"column":8},"end":{"line":14,"column":33}},"12":{"start":{"line":14,"column":19},"end":{"line":14,"column":32}},"13":{"start":{"line":14,"column":19},"end":{"line":14,"column":19}},"14":{"start":{"line":15,"column":8},"end":{"line":15,"column":31}},"15":{"start":{"line":16,"column":8},"end":{"line":16,"column":27}},"16":{"start":{"line":17,"column":8},"end":{"line":17,"column":33}},"17":{"start":{"line":18,"column":8},"end":{"line":23,"column":7}},"18":{"start":{"line":19,"column":12},"end":{"line":19,"column":58}},"19":{"start":{"line":19,"column":12},"end":{"line":19,"column":44}},"20":{"start":{"line":19,"column":26},"end":{"line":19,"column":43}},"21":{"start":{"line":19,"column":27},"end":{"line":19,"column":36}},"22":{"start":{"line":19,"column":41},"end":{"line":19,"column":42}},"23":{"start":{"line":20,"column":12},"end":{"line":20,"column":40}},"24":{"start":{"line":20,"column":24},"end":{"line":20,"column":40}},"25":{"start":{"line":20,"column":28},"end":{"line":20,"column":29}},"26":{"start":{"line":20,"column":35},"end":{"line":20,"column":36}},"27":{"start":{"line":23,"column":8},"end":{"line":23,"column":47}},"28":{"start":{"line":25,"column":8},"end":{"line":25,"column":75}},"29":{"start":{"line":25,"column":8},"end":{"line":25,"column":21}},"30":{"start":{"line":28,"column":8},"end":{"line":28,"column":58}},"31":{"start":{"line":29,"column":8},"end":{"line":29,"column":56}},"32":{"start":{"line":30,"column":8},"end":{"line":30,"column":55}},"33":{"start":{"line":31,"column":8},"end":{"line":31,"column":56}},"34":{"start":{"line":32,"column":8},"end":{"line":32,"column":60}},"35":{"start":{"line":33,"column":8},"end":{"line":33,"column":58}},"36":{"start":{"line":34,"column":8},"end":{"line":34,"column":62}},"37":{"start":{"line":37,"column":8},"end":{"line":37,"column":29}},"38":{"start":{"line":38,"column":8},"end":{"line":38,"column":27}},"39":{"start":{"line":38,"column":8},"end":{"line":38,"column":13}},"40":{"start":{"line":39,"column":8},"end":{"line":39,"column":53}},"41":{"start":{"line":39,"column":8},"end":{"line":39,"column":24}},"42":{"start":{"line":40,"column":8},"end":{"line":40,"column":32}},"43":{"start":{"line":40,"column":8},"end":{"line":40,"column":13}},"44":{"start":{"line":41,"column":8},"end":{"line":44,"column":3}},"45":{"start":{"line":42,"column":12},"end":{"line":42,"column":33}},"46":{"start":{"line":44,"column":4},"end":{"line":44,"column":19}},"47":{"start":{"line":46,"column":4},"end":{"line":48,"column":4}}},"branchMap":{"1":{"line":19,"type":"if","locations":[{"start":{"line":19,"column":12},"end":{"line":19,"column":12}},{"start":{"line":19,"column":12},"end":{"line":19,"column":12}}]},"2":{"line":38,"type":"if","locations":[{"start":{"line":38,"column":8},"end":{"line":38,"column":8}},{"start":{"line":38,"column":8},"end":{"line":38,"column":8}}]},"3":{"line":39,"type":"if","locations":[{"start":{"line":39,"column":8},"end":{"line":39,"column":8}},{"start":{"line":39,"column":8},"end":{"line":39,"column":8}}]},"4":{"line":40,"type":"if","locations":[{"start":{"line":40,"column":8},"end":{"line":40,"column":8}},{"start":{"line":40,"column":8},"end":{"line":40,"column":8}}]}}},"C:\\y\\projects\\npm\\restify-curd\\coffee\\route.coffee":{"path":"C:\\y\\projects\\npm\\restify-curd\\coffee\\route.coffee","s":{"1":1,"2":1,"3":1,"4":3,"5":3,"6":6,"7":3,"8":3,"9":3,"10":3,"11":3,"12":39,"13":39,"14":39,"15":16,"16":39,"17":39,"18":39,"19":3,"20":6,"21":6,"22":12,"23":12,"24":6,"25":6,"26":6,"27":6,"28":3,"29":21,"30":21,"31":7,"32":7,"33":21,"34":3,"35":5,"36":5,"37":4,"38":6,"39":5,"40":3,"41":12,"42":12,"43":6,"44":6,"45":6,"46":6,"47":3,"48":21,"49":21,"50":21,"51":21,"52":21,"53":21,"54":21,"55":21,"56":9,"57":1,"58":8,"59":9,"60":9,"61":9,"62":9,"63":2,"64":2,"65":2,"66":9,"67":12,"68":12,"69":12,"70":0,"71":12,"72":21,"73":0,"74":21,"75":21,"76":21,"77":21,"78":21,"79":32,"80":32,"81":32,"82":32,"83":32,"84":0,"85":32,"86":21,"87":21,"88":28,"89":21,"90":21,"91":11,"92":32,"93":21,"94":21,"95":21,"96":21,"97":21,"98":11,"99":3,"100":3,"101":0,"102":3,"103":4,"104":4,"105":4,"106":4,"107":2,"108":2,"109":0,"110":2,"111":2,"112":4,"113":2,"114":2,"115":0,"116":2,"117":2,"118":2,"119":0,"120":2,"121":3,"122":2,"123":2,"124":2,"125":1,"126":3,"127":3,"128":0,"129":3,"130":5,"131":3,"132":3,"133":3,"134":2,"135":2,"136":5,"137":5,"138":0,"139":5},"b":{"1":[16,23],"2":[39,0],"3":[6,6],"4":[7,14],"5":[4,1],"6":[6,6],"7":[9,12],"8":[1,8],"9":[2,7],"10":[0,12],"11":[0,21],"12":[0,32],"13":[21,11],"14":[21,11],"15":[0,3],"16":[2,2],"17":[0,2],"18":[0,2],"19":[0,2],"20":[2,1],"21":[0,3],"22":[3,2],"23":[0,5]},"f":{"1":3,"2":39,"3":6,"4":21,"5":5,"6":12,"7":21,"8":21,"9":21,"10":12,"11":21,"12":32,"13":32,"14":3,"15":3,"16":4,"17":2,"18":2,"19":2,"20":3,"21":3,"22":5,"23":5},"fnMap":{"1":{"name":"module","line":5,"loc":{"start":{"line":5,"column":0},"end":{"line":5,"column":32}}},"2":{"name":"getBaseQuery","line":14,"loc":{"start":{"line":14,"column":4},"end":{"line":14,"column":25}}},"3":{"name":"getMoreQuery","line":23,"loc":{"start":{"line":23,"column":4},"end":{"line":23,"column":25}}},"4":{"name":"getBaseResult","line":36,"loc":{"start":{"line":36,"column":4},"end":{"line":36,"column":30}}},"5":{"name":"getMoreResult","line":44,"loc":{"start":{"line":44,"column":4},"end":{"line":44,"column":30}}},"6":{"name":"getBaseList","line":51,"loc":{"start":{"line":51,"column":4},"end":{"line":51,"column":28}}},"7":{"name":"doGetList","line":60,"loc":{"start":{"line":60,"column":8},"end":{"line":60,"column":33}}},"8":{"name":"count","line":67,"loc":{"start":{"line":67,"column":16},"end":{"line":67,"column":27}}},"9":{"name":"list","line":69,"loc":{"start":{"line":69,"column":16},"end":{"line":69,"column":26}}},"10":{"name":"(anonymous_1)","line":88,"loc":{"start":{"line":88,"column":35},"end":{"line":88,"column":45}}},"11":{"name":"(anonymous_2)","line":91,"loc":{"start":{"line":91,"column":13},"end":{"line":91,"column":26}}},"12":{"name":"doPost","line":98,"loc":{"start":{"line":98,"column":8},"end":{"line":98,"column":30}}},"13":{"name":"cb","line":102,"loc":{"start":{"line":102,"column":12},"end":{"line":102,"column":27}}},"14":{"name":"doGet","line":121,"loc":{"start":{"line":121,"column":8},"end":{"line":121,"column":29}}},"15":{"name":"(anonymous_3)","line":123,"loc":{"start":{"line":123,"column":13},"end":{"line":123,"column":23}}},"16":{"name":"doEdit","line":129,"loc":{"start":{"line":129,"column":8},"end":{"line":129,"column":30}}},"17":{"name":"(anonymous_4)","line":136,"loc":{"start":{"line":136,"column":36},"end":{"line":136,"column":46}}},"18":{"name":"(anonymous_5)","line":141,"loc":{"start":{"line":141,"column":29},"end":{"line":141,"column":39}}},"19":{"name":"(anonymous_6)","line":145,"loc":{"start":{"line":145,"column":72},"end":{"line":145,"column":82}}},"20":{"name":"doDelete","line":148,"loc":{"start":{"line":148,"column":8},"end":{"line":148,"column":32}}},"21":{"name":"(anonymous_7)","line":158,"loc":{"start":{"line":158,"column":23},"end":{"line":158,"column":34}}},"22":{"name":"doDeleteAll","line":162,"loc":{"start":{"line":162,"column":8},"end":{"line":162,"column":35}}},"23":{"name":"(anonymous_8)","line":170,"loc":{"start":{"line":170,"column":23},"end":{"line":170,"column":34}}}},"statementMap":{"1":{"start":{"line":1,"column":0},"end":{"line":1,"column":28}},"2":{"start":{"line":2,"column":0},"end":{"line":2,"column":22}},"3":{"start":{"line":5,"column":0},"end":{"line":173,"column":5}},"4":{"start":{"line":6,"column":4},"end":{"line":6,"column":29}},"5":{"start":{"line":6,"column":15},"end":{"line":6,"column":28}},"6":{"start":{"line":6,"column":15},"end":{"line":6,"column":15}},"7":{"start":{"line":7,"column":4},"end":{"line":7,"column":31}},"8":{"start":{"line":9,"column":4},"end":{"line":9,"column":27}},"9":{"start":{"line":10,"column":4},"end":{"line":10,"column":42}},"10":{"start":{"line":11,"column":4},"end":{"line":11,"column":42}},"11":{"start":{"line":14,"column":4},"end":{"line":23,"column":3}},"12":{"start":{"line":15,"column":8},"end":{"line":15,"column":21}},"13":{"start":{"line":16,"column":8},"end":{"line":16,"column":41}},"14":{"start":{"line":17,"column":8},"end":{"line":19,"column":7}},"15":{"start":{"line":18,"column":12},"end":{"line":18,"column":74}},"16":{"start":{"line":19,"column":8},"end":{"line":19,"column":77}},"17":{"start":{"line":19,"column":8},"end":{"line":19,"column":60}},"18":{"start":{"line":20,"column":8},"end":{"line":20,"column":16}},"19":{"start":{"line":23,"column":4},"end":{"line":36,"column":3}},"20":{"start":{"line":24,"column":8},"end":{"line":24,"column":21}},"21":{"start":{"line":25,"column":8},"end":{"line":32,"column":7}},"22":{"start":{"line":26,"column":12},"end":{"line":26,"column":41}},"23":{"start":{"line":27,"column":12},"end":{"line":31,"column":74}},"24":{"start":{"line":28,"column":16},"end":{"line":28,"column":27}},"25":{"start":{"line":29,"column":16},"end":{"line":29,"column":52}},"26":{"start":{"line":31,"column":16},"end":{"line":31,"column":74}},"27":{"start":{"line":32,"column":8},"end":{"line":32,"column":16}},"28":{"start":{"line":36,"column":4},"end":{"line":44,"column":3}},"29":{"start":{"line":37,"column":8},"end":{"line":37,"column":19}},"30":{"start":{"line":38,"column":8},"end":{"line":41,"column":7}},"31":{"start":{"line":39,"column":12},"end":{"line":41,"column":7}},"32":{"start":{"line":40,"column":16},"end":{"line":40,"column":58}},"33":{"start":{"line":41,"column":8},"end":{"line":41,"column":13}},"34":{"start":{"line":44,"column":4},"end":{"line":51,"column":3}},"35":{"start":{"line":45,"column":8},"end":{"line":45,"column":19}},"36":{"start":{"line":46,"column":8},"end":{"line":49,"column":7}},"37":{"start":{"line":47,"column":12},"end":{"line":49,"column":7}},"38":{"start":{"line":48,"column":16},"end":{"line":48,"column":58}},"39":{"start":{"line":49,"column":8},"end":{"line":49,"column":13}},"40":{"start":{"line":51,"column":4},"end":{"line":59,"column":3}},"41":{"start":{"line":52,"column":8},"end":{"line":52,"column":19}},"42":{"start":{"line":53,"column":8},"end":{"line":58,"column":11}},"43":{"start":{"line":54,"column":12},"end":{"line":54,"column":36}},"44":{"start":{"line":56,"column":12},"end":{"line":58,"column":11}},"45":{"start":{"line":57,"column":16},"end":{"line":57,"column":58}},"46":{"start":{"line":58,"column":12},"end":{"line":58,"column":51}},"47":{"start":{"line":59,"column":4},"end":{"line":173,"column":4}},"48":{"start":{"line":61,"column":12},"end":{"line":61,"column":48}},"49":{"start":{"line":62,"column":12},"end":{"line":62,"column":46}},"50":{"start":{"line":63,"column":12},"end":{"line":63,"column":51}},"51":{"start":{"line":64,"column":12},"end":{"line":64,"column":43}},"52":{"start":{"line":65,"column":12},"end":{"line":65,"column":37}},"53":{"start":{"line":66,"column":12},"end":{"line":98,"column":7}},"54":{"start":{"line":68,"column":20},"end":{"line":68,"column":33}},"55":{"start":{"line":71,"column":20},"end":{"line":87,"column":62}},"56":{"start":{"line":73,"column":24},"end":{"line":76,"column":51}},"57":{"start":{"line":74,"column":28},"end":{"line":74,"column":78}},"58":{"start":{"line":76,"column":28},"end":{"line":76,"column":51}},"59":{"start":{"line":78,"column":24},"end":{"line":78,"column":32}},"60":{"start":{"line":79,"column":24},"end":{"line":79,"column":40}},"61":{"start":{"line":80,"column":24},"end":{"line":80,"column":38}},"62":{"start":{"line":82,"column":24},"end":{"line":85,"column":23}},"63":{"start":{"line":83,"column":28},"end":{"line":83,"column":44}},"64":{"start":{"line":84,"column":28},"end":{"line":84,"column":52}},"65":{"start":{"line":84,"column":40},"end":{"line":84,"column":45}},"66":{"start":{"line":85,"column":24},"end":{"line":85,"column":36}},"67":{"start":{"line":87,"column":24},"end":{"line":87,"column":62}},"68":{"start":{"line":88,"column":24},"end":{"line":91,"column":11}},"69":{"start":{"line":89,"column":28},"end":{"line":89,"column":47}},"70":{"start":{"line":89,"column":28},"end":{"line":89,"column":40}},"71":{"start":{"line":90,"column":28},"end":{"line":90,"column":54}},"72":{"start":{"line":92,"column":16},"end":{"line":92,"column":45}},"73":{"start":{"line":92,"column":16},"end":{"line":92,"column":38}},"74":{"start":{"line":93,"column":16},"end":{"line":93,"column":35}},"75":{"start":{"line":94,"column":16},"end":{"line":94,"column":33}},"76":{"start":{"line":95,"column":16},"end":{"line":95,"column":37}},"77":{"start":{"line":96,"column":16},"end":{"line":96,"column":33}},"78":{"start":{"line":97,"column":16},"end":{"line":97,"column":34}},"79":{"start":{"line":99,"column":12},"end":{"line":99,"column":39}},"80":{"start":{"line":100,"column":12},"end":{"line":100,"column":41}},"81":{"start":{"line":101,"column":12},"end":{"line":101,"column":42}},"82":{"start":{"line":102,"column":12},"end":{"line":113,"column":11}},"83":{"start":{"line":103,"column":16},"end":{"line":103,"column":45}},"84":{"start":{"line":103,"column":16},"end":{"line":103,"column":38}},"85":{"start":{"line":104,"column":16},"end":{"line":112,"column":35}},"86":{"start":{"line":105,"column":20},"end":{"line":105,"column":31}},"87":{"start":{"line":106,"column":20},"end":{"line":109,"column":19}},"88":{"start":{"line":107,"column":24},"end":{"line":107,"column":40}},"89":{"start":{"line":109,"column":20},"end":{"line":109,"column":75}},"90":{"start":{"line":110,"column":20},"end":{"line":110,"column":51}},"91":{"start":{"line":112,"column":20},"end":{"line":112,"column":35}},"92":{"start":{"line":113,"column":12},"end":{"line":120,"column":39}},"93":{"start":{"line":114,"column":16},"end":{"line":114,"column":26}},"94":{"start":{"line":115,"column":16},"end":{"line":115,"column":35}},"95":{"start":{"line":116,"column":16},"end":{"line":116,"column":67}},"96":{"start":{"line":117,"column":16},"end":{"line":117,"column":39}},"97":{"start":{"line":118,"column":16},"end":{"line":118,"column":64}},"98":{"start":{"line":120,"column":16},"end":{"line":120,"column":39}},"99":{"start":{"line":122,"column":12},"end":{"line":129,"column":7}},"100":{"start":{"line":124,"column":16},"end":{"line":124,"column":45}},"101":{"start":{"line":124,"column":16},"end":{"line":124,"column":38}},"102":{"start":{"line":125,"column":16},"end":{"line":125,"column":50}},"103":{"start":{"line":130,"column":12},"end":{"line":130,"column":22}},"104":{"start":{"line":131,"column":12},"end":{"line":131,"column":35}},"105":{"start":{"line":132,"column":12},"end":{"line":132,"column":41}},"106":{"start":{"line":135,"column":12},"end":{"line":148,"column":7}},"107":{"start":{"line":136,"column":16},"end":{"line":144,"column":11}},"108":{"start":{"line":137,"column":20},"end":{"line":137,"column":49}},"109":{"start":{"line":137,"column":20},"end":{"line":137,"column":42}},"110":{"start":{"line":138,"column":20},"end":{"line":138,"column":49}},"111":{"start":{"line":139,"column":20},"end":{"line":141,"column":19}},"112":{"start":{"line":140,"column":24},"end":{"line":140,"column":34}},"113":{"start":{"line":141,"column":20},"end":{"line":144,"column":11}},"114":{"start":{"line":142,"column":24},"end":{"line":142,"column":53}},"115":{"start":{"line":142,"column":24},"end":{"line":142,"column":46}},"116":{"start":{"line":143,"column":24},"end":{"line":143,"column":42}},"117":{"start":{"line":145,"column":16},"end":{"line":148,"column":7}},"118":{"start":{"line":146,"column":20},"end":{"line":146,"column":49}},"119":{"start":{"line":146,"column":20},"end":{"line":146,"column":42}},"120":{"start":{"line":147,"column":20},"end":{"line":147,"column":46}},"121":{"start":{"line":149,"column":12},"end":{"line":157,"column":80}},"122":{"start":{"line":150,"column":16},"end":{"line":150,"column":26}},"123":{"start":{"line":151,"column":16},"end":{"line":151,"column":72}},"124":{"start":{"line":152,"column":16},"end":{"line":155,"column":16}},"125":{"start":{"line":157,"column":16},"end":{"line":157,"column":80}},"126":{"start":{"line":158,"column":12},"end":{"line":162,"column":7}},"127":{"start":{"line":159,"column":16},"end":{"line":159,"column":45}},"128":{"start":{"line":159,"column":16},"end":{"line":159,"column":38}},"129":{"start":{"line":160,"column":16},"end":{"line":160,"column":27}},"130":{"start":{"line":163,"column":12},"end":{"line":168,"column":38}},"131":{"start":{"line":164,"column":16},"end":{"line":164,"column":25}},"132":{"start":{"line":165,"column":16},"end":{"line":165,"column":64}},"133":{"start":{"line":166,"column":16},"end":{"line":166,"column":67}},"134":{"start":{"line":168,"column":16},"end":{"line":168,"column":38}},"135":{"start":{"line":169,"column":16},"end":{"line":169,"column":41}},"136":{"start":{"line":170,"column":12},"end":{"line":173,"column":3}},"137":{"start":{"line":171,"column":16},"end":{"line":171,"column":45}},"138":{"start":{"line":171,"column":16},"end":{"line":171,"column":38}},"139":{"start":{"line":172,"column":16},"end":{"line":172,"column":27}}},"branchMap":{"1":{"line":17,"type":"if","locations":[{"start":{"line":17,"column":8},"end":{"line":17,"column":8}},{"start":{"line":17,"column":8},"end":{"line":17,"column":8}}]},"2":{"line":19,"type":"if","locations":[{"start":{"line":19,"column":8},"end":{"line":19,"column":8}},{"start":{"line":19,"column":8},"end":{"line":19,"column":8}}]},"3":{"line":27,"type":"if","locations":[{"start":{"line":27,"column":12},"end":{"line":27,"column":12}},{"start":{"line":27,"column":12},"end":{"line":27,"column":12}}]},"4":{"line":38,"type":"if","locations":[{"start":{"line":38,"column":8},"end":{"line":38,"column":8}},{"start":{"line":38,"column":8},"end":{"line":38,"column":8}}]},"5":{"line":46,"type":"if","locations":[{"start":{"line":46,"column":8},"end":{"line":46,"column":8}},{"start":{"line":46,"column":8},"end":{"line":46,"column":8}}]},"6":{"line":53,"type":"if","locations":[{"start":{"line":53,"column":8},"end":{"line":53,"column":8}},{"start":{"line":53,"column":8},"end":{"line":53,"column":8}}]},"7":{"line":71,"type":"if","locations":[{"start":{"line":71,"column":20},"end":{"line":71,"column":20}},{"start":{"line":71,"column":20},"end":{"line":71,"column":20}}]},"8":{"line":73,"type":"if","locations":[{"start":{"line":73,"column":24},"end":{"line":73,"column":24}},{"start":{"line":73,"column":24},"end":{"line":73,"column":24}}]},"9":{"line":82,"type":"if","locations":[{"start":{"line":82,"column":24},"end":{"line":82,"column":24}},{"start":{"line":82,"column":24},"end":{"line":82,"column":24}}]},"10":{"line":89,"type":"if","locations":[{"start":{"line":89,"column":28},"end":{"line":89,"column":28}},{"start":{"line":89,"column":28},"end":{"line":89,"column":28}}]},"11":{"line":92,"type":"if","locations":[{"start":{"line":92,"column":16},"end":{"line":92,"column":16}},{"start":{"line":92,"column":16},"end":{"line":92,"column":16}}]},"12":{"line":103,"type":"if","locations":[{"start":{"line":103,"column":16},"end":{"line":103,"column":16}},{"start":{"line":103,"column":16},"end":{"line":103,"column":16}}]},"13":{"line":104,"type":"if","locations":[{"start":{"line":104,"column":16},"end":{"line":104,"column":16}},{"start":{"line":104,"column":16},"end":{"line":104,"column":16}}]},"14":{"line":113,"type":"if","locations":[{"start":{"line":113,"column":12},"end":{"line":113,"column":12}},{"start":{"line":113,"column":12},"end":{"line":113,"column":12}}]},"15":{"line":124,"type":"if","locations":[{"start":{"line":124,"column":16},"end":{"line":124,"column":16}},{"start":{"line":124,"column":16},"end":{"line":124,"column":16}}]},"16":{"line":135,"type":"if","locations":[{"start":{"line":135,"column":12},"end":{"line":135,"column":12}},{"start":{"line":135,"column":12},"end":{"line":135,"column":12}}]},"17":{"line":137,"type":"if","locations":[{"start":{"line":137,"column":20},"end":{"line":137,"column":20}},{"start":{"line":137,"column":20},"end":{"line":137,"column":20}}]},"18":{"line":142,"type":"if","locations":[{"start":{"line":142,"column":24},"end":{"line":142,"column":24}},{"start":{"line":142,"column":24},"end":{"line":142,"column":24}}]},"19":{"line":146,"type":"if","locations":[{"start":{"line":146,"column":20},"end":{"line":146,"column":20}},{"start":{"line":146,"column":20},"end":{"line":146,"column":20}}]},"20":{"line":149,"type":"if","locations":[{"start":{"line":149,"column":12},"end":{"line":149,"column":12}},{"start":{"line":149,"column":12},"end":{"line":149,"column":12}}]},"21":{"line":159,"type":"if","locations":[{"start":{"line":159,"column":16},"end":{"line":159,"column":16}},{"start":{"line":159,"column":16},"end":{"line":159,"column":16}}]},"22":{"line":163,"type":"if","locations":[{"start":{"line":163,"column":12},"end":{"line":163,"column":12}},{"start":{"line":163,"column":12},"end":{"line":163,"column":12}}]},"23":{"line":171,"type":"if","locations":[{"start":{"line":171,"column":16},"end":{"line":171,"column":16}},{"start":{"line":171,"column":16},"end":{"line":171,"column":16}}]}}},"C:\\y\\projects\\npm\\restify-curd\\Gruntfile.coffee":{"path":"C:\\y\\projects\\npm\\restify-curd\\Gruntfile.coffee","s":{"1":0,"2":0,"3":0,"4":0,"5":0,"6":0,"7":0,"8":0,"9":0,"10":0,"11":0,"12":0,"13":0,"14":0},"b":{"1":[0,0],"2":[0,0],"3":[0,0]},"f":{"1":0,"2":0},"fnMap":{"1":{"name":"module","line":1,"loc":{"start":{"line":1,"column":0},"end":{"line":1,"column":25}}},"2":{"name":"(anonymous_1)","line":19,"loc":{"start":{"line":19,"column":45},"end":{"line":19,"column":57}}}},"statementMap":{"1":{"start":{"line":1,"column":0},"end":{"line":24,"column":36}},"2":{"start":{"line":2,"column":4},"end":{"line":2,"column":43}},"3":{"start":{"line":4,"column":4},"end":{"line":16,"column":3}},"4":{"start":{"line":16,"column":4},"end":{"line":16,"column":35}},"5":{"start":{"line":17,"column":4},"end":{"line":17,"column":44}},"6":{"start":{"line":19,"column":4},"end":{"line":24,"column":36}},"7":{"start":{"line":20,"column":8},"end":{"line":20,"column":22}},"8":{"start":{"line":21,"column":8},"end":{"line":21,"column":61}},"9":{"start":{"line":21,"column":8},"end":{"line":21,"column":28}},"10":{"start":{"line":22,"column":8},"end":{"line":22,"column":65}},"11":{"start":{"line":22,"column":8},"end":{"line":22,"column":34}},"12":{"start":{"line":23,"column":8},"end":{"line":23,"column":128}},"13":{"start":{"line":23,"column":8},"end":{"line":23,"column":120}},"14":{"start":{"line":24,"column":8},"end":{"line":24,"column":35}}},"branchMap":{"1":{"line":21,"type":"if","locations":[{"start":{"line":21,"column":8},"end":{"line":21,"column":8}},{"start":{"line":21,"column":8},"end":{"line":21,"column":8}}]},"2":{"line":22,"type":"if","locations":[{"start":{"line":22,"column":8},"end":{"line":22,"column":8}},{"start":{"line":22,"column":8},"end":{"line":22,"column":8}}]},"3":{"line":23,"type":"if","locations":[{"start":{"line":23,"column":8},"end":{"line":23,"column":8}},{"start":{"line":23,"column":8},"end":{"line":23,"column":8}}]}}}}