TN:
SF:C:\y\projects\npm\restify-curd\coffee\index.coffee
FN:4,module
FN:13,addRoute
FNF:2
FNH:2
FNDA:1,module
FNDA:3,addRoute
DA:1,1
DA:2,1
DA:4,1
DA:5,1
DA:6,1
DA:7,1
DA:8,1
DA:11,1
DA:13,1
DA:14,3
DA:15,3
DA:16,3
DA:17,3
DA:18,3
DA:19,6
DA:20,6
DA:23,3
DA:25,21
DA:28,3
DA:29,3
DA:30,3
DA:31,3
DA:32,3
DA:33,3
DA:34,3
DA:37,3
DA:38,3
DA:39,2
DA:40,2
DA:41,2
DA:42,2
DA:44,1
DA:46,1
LF:33
LH:33
BRDA:19,1,0,3
BRDA:19,1,1,3
BRDA:38,2,0,1
BRDA:38,2,1,2
BRDA:39,3,0,2
BRDA:39,3,1,0
BRDA:40,4,0,0
BRDA:40,4,1,2
BRF:8
BRH:6
end_of_record
TN:
SF:C:\y\projects\npm\restify-curd\coffee\route.coffee
FN:5,module
FN:14,getBaseQuery
FN:23,getMoreQuery
FN:36,getBaseResult
FN:44,getMoreResult
FN:51,getBaseList
FN:60,doGetList
FN:67,count
FN:69,list
FN:88,(anonymous_1)
FN:91,(anonymous_2)
FN:98,doPost
FN:102,cb
FN:121,doGet
FN:123,(anonymous_3)
FN:129,doEdit
FN:136,(anonymous_4)
FN:141,(anonymous_5)
FN:145,(anonymous_6)
FN:148,doDelete
FN:158,(anonymous_7)
FN:162,doDeleteAll
FN:170,(anonymous_8)
FNF:23
FNH:23
FNDA:3,module
FNDA:39,getBaseQuery
FNDA:6,getMoreQuery
FNDA:21,getBaseResult
FNDA:5,getMoreResult
FNDA:12,getBaseList
FNDA:21,doGetList
FNDA:21,count
FNDA:21,list
FNDA:12,(anonymous_1)
FNDA:21,(anonymous_2)
FNDA:32,doPost
FNDA:32,cb
FNDA:3,doGet
FNDA:3,(anonymous_3)
FNDA:4,doEdit
FNDA:2,(anonymous_4)
FNDA:2,(anonymous_5)
FNDA:2,(anonymous_6)
FNDA:3,doDelete
FNDA:3,(anonymous_7)
FNDA:5,doDeleteAll
FNDA:5,(anonymous_8)
DA:1,1
DA:2,1
DA:5,1
DA:6,6
DA:7,3
DA:9,3
DA:10,3
DA:11,3
DA:14,3
DA:15,39
DA:16,39
DA:17,39
DA:18,16
DA:19,39
DA:20,39
DA:23,3
DA:24,6
DA:25,6
DA:26,12
DA:27,12
DA:28,6
DA:29,6
DA:31,6
DA:32,6
DA:36,3
DA:37,21
DA:38,21
DA:39,7
DA:40,7
DA:41,21
DA:44,3
DA:45,5
DA:46,5
DA:47,4
DA:48,6
DA:49,5
DA:51,3
DA:52,12
DA:53,12
DA:54,6
DA:56,6
DA:57,6
DA:58,6
DA:59,3
DA:61,21
DA:62,21
DA:63,21
DA:64,21
DA:65,21
DA:66,21
DA:68,21
DA:71,21
DA:73,9
DA:74,1
DA:76,8
DA:78,9
DA:79,9
DA:80,9
DA:82,9
DA:83,2
DA:84,2
DA:85,9
DA:87,12
DA:88,12
DA:89,12
DA:90,12
DA:92,21
DA:93,21
DA:94,21
DA:95,21
DA:96,21
DA:97,21
DA:99,32
DA:100,32
DA:101,32
DA:102,32
DA:103,32
DA:104,32
DA:105,21
DA:106,21
DA:107,28
DA:109,21
DA:110,21
DA:112,11
DA:113,32
DA:114,21
DA:115,21
DA:116,21
DA:117,21
DA:118,21
DA:120,11
DA:122,3
DA:124,3
DA:125,3
DA:130,4
DA:131,4
DA:132,4
DA:135,4
DA:136,2
DA:137,2
DA:138,2
DA:139,2
DA:140,4
DA:141,2
DA:142,2
DA:143,2
DA:145,2
DA:146,2
DA:147,2
DA:149,3
DA:150,2
DA:151,2
DA:152,2
DA:157,1
DA:158,3
DA:159,3
DA:160,3
DA:163,5
DA:164,3
DA:165,3
DA:166,3
DA:168,2
DA:169,2
DA:170,5
DA:171,5
DA:172,5
LF:126
LH:126
BRDA:17,1,0,16
BRDA:17,1,1,23
BRDA:19,2,0,39
BRDA:19,2,1,0
BRDA:27,3,0,6
BRDA:27,3,1,6
BRDA:38,4,0,7
BRDA:38,4,1,14
BRDA:46,5,0,4
BRDA:46,5,1,1
BRDA:53,6,0,6
BRDA:53,6,1,6
BRDA:71,7,0,9
BRDA:71,7,1,12
BRDA:73,8,0,1
BRDA:73,8,1,8
BRDA:82,9,0,2
BRDA:82,9,1,7
BRDA:89,10,0,0
BRDA:89,10,1,12
BRDA:92,11,0,0
BRDA:92,11,1,21
BRDA:103,12,0,0
BRDA:103,12,1,32
BRDA:104,13,0,21
BRDA:104,13,1,11
BRDA:113,14,0,21
BRDA:113,14,1,11
BRDA:124,15,0,0
BRDA:124,15,1,3
BRDA:135,16,0,2
BRDA:135,16,1,2
BRDA:137,17,0,0
BRDA:137,17,1,2
BRDA:142,18,0,0
BRDA:142,18,1,2
BRDA:146,19,0,0
BRDA:146,19,1,2
BRDA:149,20,0,2
BRDA:149,20,1,1
BRDA:159,21,0,0
BRDA:159,21,1,3
BRDA:163,22,0,3
BRDA:163,22,1,2
BRDA:171,23,0,0
BRDA:171,23,1,5
BRF:46
BRH:36
end_of_record
TN:
SF:C:\y\projects\npm\restify-curd\Gruntfile.coffee
FN:1,module
FN:19,(anonymous_1)
FNF:2
FNH:0
FNDA:0,module
FNDA:0,(anonymous_1)
DA:1,0
DA:2,0
DA:4,0
DA:16,0
DA:17,0
DA:19,0
DA:20,0
DA:21,0
DA:22,0
DA:23,0
DA:24,0
LF:11
LH:0
BRDA:21,1,0,0
BRDA:21,1,1,0
BRDA:22,2,0,0
BRDA:22,2,1,0
BRDA:23,3,0,0
BRDA:23,3,1,0
BRF:6
BRH:0
end_of_record
